[0mCompiling "target/android/not-used.js" from ["src" "env/dev"]...
notifying browser that file changed:  target/android/goog/deps.js
notifying browser that file changed:  target/android/cljs_deps.js
notifying browser that file changed:  out/luno/ios/scenes/root.js
notifying browser that file changed:  out/luno/shared/ui.js
[32mSuccessfully compiled "target/android/not-used.js" in 0.835 seconds.[0m
[0mCompiling "target/android/not-used.js" from ["src" "env/dev"]...
notifying browser that file changed:  out/luno/android/scenes/root.js
[32mSuccessfully compiled "target/android/not-used.js" in 0.702 seconds.[0m
[0mCompiling "target/android/not-used.js" from ["src" "env/dev"]...
notifying browser that file changed:  out/luno/android/ui.js
notifying browser that file changed:  out/luno/ios/ui.js
[32mSuccessfully compiled "target/android/not-used.js" in 0.727 seconds.[0m
[0mCompiling "target/android/not-used.js" from ["src" "env/dev"]...
notifying browser that file changed:  out/luno/shared/scenes/about.js
[32mSuccessfully compiled "target/android/not-used.js" in 0.575 seconds.[0m
[0mCompiling "target/android/not-used.js" from ["src" "env/dev"]...
[0mCompiling "target/android/not-used.js" from ["src" "env/dev"]...
[31mCompiling "target/android/not-used.js" failed.
[0mANALYSIS ERROR: First arg to new must be a symbol at line 34 src/luno/android/ui.cljs on file src/luno/android/ui.cljs, line 34, column 16
[32mSuccessfully compiled "target/android/not-used.js" in 0.397 seconds.[0m
[0mCompiling "target/android/not-used.js" from ["src" "env/dev"]...
notifying browser that file changed:  target/android/goog/deps.js
notifying browser that file changed:  target/android/cljs_deps.js
notifying browser that file changed:  out/luno/android/ui.js
[32mSuccessfully compiled "target/android/not-used.js" in 0.634 seconds.[0m
[0mCompiling "target/ios/not-used.js" from ["src" "env/dev"]...
notifying browser that file changed:  target/ios/goog/deps.js
notifying browser that file changed:  target/ios/cljs_deps.js
notifying browser that file changed:  out/luno/android/routes.js
notifying browser that file changed:  out/luno/db.js
notifying browser that file changed:  out/luno/ios/core.js
notifying browser that file changed:  out/luno/handlers.js
notifying browser that file changed:  out/luno/android/components/drawer.js
notifying browser that file changed:  out/luno/android/ui.js
notifying browser that file changed:  out/luno/ios/scenes/root.js
notifying browser that file changed:  out/luno/android/core.js
notifying browser that file changed:  out/luno/ios/ui.js
notifying browser that file changed:  out/luno/shared/scenes/about.js
notifying browser that file changed:  out/luno/shared/ui.js
notifying browser that file changed:  out/luno/subs.js
notifying browser that file changed:  out/luno/schema.js
[32mSuccessfully compiled "target/ios/not-used.js" in 1.463 seconds.[0m
[0mCompiling "target/android/not-used.js" from ["src" "env/dev"]...
notifying browser that file changed:  target/android/goog/deps.js
notifying browser that file changed:  target/android/cljs_deps.js
notifying browser that file changed:  out/luno/android/scenes/root.js
[32mSuccessfully compiled "target/android/not-used.js" in 1.788 seconds.[0m
[0mCompiling "target/android/not-used.js" from ["src" "env/dev"]...
notifying browser that file changed:  out/luno/android/scenes/root.js
[32mSuccessfully compiled "target/android/not-used.js" in 1.302 seconds.[0m
[0mCompiling "target/ios/not-used.js" from ["src" "env/dev"]...
notifying browser that file changed:  target/ios/goog/deps.js
notifying browser that file changed:  target/ios/cljs_deps.js
notifying browser that file changed:  out/luno/shared/scenes/about.js
[32mSuccessfully compiled "target/ios/not-used.js" in 0.841 seconds.[0m
